This file contains any messages produced by compilers while
running configure, to aid debugging if configure makes a mistake.

It was created by configure, which was
generated by GNU Autoconf 2.65.  Invocation command line was

  $ ./configure --with-qt-includes=/usr/include/qt3

## --------- ##
## Platform. ##
## --------- ##

hostname = vmware
uname -m = i686
uname -r = 2.6.32-24-generic
uname -s = Linux
uname -v = #39-Ubuntu SMP Wed Jul 28 06:07:29 UTC 2010

/usr/bin/uname -p = unknown
/bin/uname -X     = unknown

/bin/arch              = unknown
/usr/bin/arch -k       = unknown
/usr/convex/getsysinfo = unknown
/usr/bin/hostinfo      = unknown
/bin/machine           = unknown
/usr/bin/oslevel       = unknown
/bin/universe          = unknown

PATH: /usr/local/sbin
PATH: /usr/local/bin
PATH: /usr/sbin
PATH: /usr/bin
PATH: /sbin
PATH: /bin
PATH: /usr/games


## ----------- ##
## Core tests. ##
## ----------- ##

configure:2849: checking build system type
configure:2863: result: i686-pc-linux-gnu
configure:2883: checking host system type
configure:2896: result: i686-pc-linux-gnu
configure:2916: checking target system type
configure:2929: result: i686-pc-linux-gnu
configure:2988: checking for a BSD-compatible install
configure:3056: result: /usr/bin/install -c
configure:3071: checking for -p flag to install
configure:3084: result: yes
configure:3095: checking whether build environment is sane
configure:3145: result: yes
configure:3276: checking for a thread-safe mkdir -p
configure:3315: result: /bin/mkdir -p
configure:3328: checking for gawk
configure:3344: found /usr/bin/gawk
configure:3355: result: gawk
configure:3366: checking whether make sets $(MAKE)
configure:3388: result: yes
configure:3514: checking for style of include used by make
configure:3542: result: GNU
configure:3676: checking for C++ compiler version
configure:3685: /usr/bin/g++-4.1 --version >&5
g++-4.1 (GCC) 4.1.3 20080704 (prerelease) (Ubuntu 4.1.2-27ubuntu1)
Copyright (C) 2006 Free Software Foundation, Inc.
This is free software; see the source for copying conditions.  There is NO
warranty; not even for MERCHANTABILITY or FITNESS FOR A PARTICULAR PURPOSE.

configure:3696: $? = 0
configure:3685: /usr/bin/g++-4.1 -v >&5
Using built-in specs.
Target: i486-linux-gnu
Configured with: ../src/configure -v --enable-languages=c,c++ --prefix=/usr --enable-shared --with-system-zlib --libexecdir=/usr/lib --without-included-gettext --enable-threads=posix --enable-nls --with-gxx-include-dir=/usr/include/c++/4.1.3 --program-suffix=-4.1 --enable-__cxa_atexit --enable-clocale=gnu --enable-libstdcxx-debug --with-tune=generic --enable-checking=release i486-linux-gnu
Thread model: posix
gcc version 4.1.3 20080704 (prerelease) (Ubuntu 4.1.2-27ubuntu1)
configure:3696: $? = 0
configure:3685: /usr/bin/g++-4.1 -V >&5
g++-4.1: '-V' option must have argument
configure:3696: $? = 1
configure:3685: /usr/bin/g++-4.1 -qversion >&5
g++-4.1: unrecognized option '-qversion'
g++-4.1: no input files
configure:3696: $? = 1
configure:3700: checking whether we are using the GNU C++ compiler
configure:3719: /usr/bin/g++-4.1 -c   conftest.cpp >&5
configure:3719: $? = 0
configure: failed program was:
| /* confdefs.h */
| #define PACKAGE_NAME ""
| #define PACKAGE_TARNAME ""
| #define PACKAGE_VERSION ""
| #define PACKAGE_STRING ""
| #define PACKAGE_BUGREPORT ""
| #define PACKAGE_URL ""
| #define PACKAGE "rars"
| #define VERSION "0.90"
| /* end confdefs.h.  */
| 
| int
| main ()
| {
| #ifndef __GNUC__
|        choke me
| #endif
| 
|   ;
|   return 0;
| }
configure:3728: result: no
configure:3737: checking whether /usr/bin/g++-4.1 accepts -g
configure:3757: /usr/bin/g++-4.1 -c -g  conftest.cpp >&5
configure:3757: $? = 0
configure: failed program was:
| /* confdefs.h */
| #define PACKAGE_NAME ""
| #define PACKAGE_TARNAME ""
| #define PACKAGE_VERSION ""
| #define PACKAGE_STRING ""
| #define PACKAGE_BUGREPORT ""
| #define PACKAGE_URL ""
| #define PACKAGE "rars"
| #define VERSION "0.90"
| /* end confdefs.h.  */
| 
| int
| main ()
| {
| 
|   ;
|   return 0;
| }
configure:3772: /usr/bin/g++-4.1 -c   conftest.cpp >&5
configure:3772: $? = 0
configure: failed program was:
| /* confdefs.h */
| #define PACKAGE_NAME ""
| #define PACKAGE_TARNAME ""
| #define PACKAGE_VERSION ""
| #define PACKAGE_STRING ""
| #define PACKAGE_BUGREPORT ""
| #define PACKAGE_URL ""
| #define PACKAGE "rars"
| #define VERSION "0.90"
| /* end confdefs.h.  */
| 
| int
| main ()
| {
| 
|   ;
|   return 0;
| }
configure:3788: /usr/bin/g++-4.1 -c -g  conftest.cpp >&5
configure:3788: $? = 0
configure: failed program was:
| /* confdefs.h */
| #define PACKAGE_NAME ""
| #define PACKAGE_TARNAME ""
| #define PACKAGE_VERSION ""
| #define PACKAGE_STRING ""
| #define PACKAGE_BUGREPORT ""
| #define PACKAGE_URL ""
| #define PACKAGE "rars"
| #define VERSION "0.90"
| /* end confdefs.h.  */
| 
| int
| main ()
| {
| 
|   ;
|   return 0;
| }
configure:3798: result: no
configure:3823: checking dependency style of /usr/bin/g++-4.1
configure:3933: result: gcc3
configure:4072: checking for gcc
configure:4099: result: /usr/bin/gcc-4.1
configure:4328: checking for C compiler version
configure:4337: /usr/bin/gcc-4.1 --version >&5
gcc-4.1 (GCC) 4.1.3 20080704 (prerelease) (Ubuntu 4.1.2-27ubuntu1)
Copyright (C) 2006 Free Software Foundation, Inc.
This is free software; see the source for copying conditions.  There is NO
warranty; not even for MERCHANTABILITY or FITNESS FOR A PARTICULAR PURPOSE.

configure:4348: $? = 0
configure:4337: /usr/bin/gcc-4.1 -v >&5
Using built-in specs.
Target: i486-linux-gnu
Configured with: ../src/configure -v --enable-languages=c,c++ --prefix=/usr --enable-shared --with-system-zlib --libexecdir=/usr/lib --without-included-gettext --enable-threads=posix --enable-nls --with-gxx-include-dir=/usr/include/c++/4.1.3 --program-suffix=-4.1 --enable-__cxa_atexit --enable-clocale=gnu --enable-libstdcxx-debug --with-tune=generic --enable-checking=release i486-linux-gnu
Thread model: posix
gcc version 4.1.3 20080704 (prerelease) (Ubuntu 4.1.2-27ubuntu1)
configure:4348: $? = 0
configure:4337: /usr/bin/gcc-4.1 -V >&5
gcc-4.1: '-V' option must have argument
configure:4348: $? = 1
configure:4337: /usr/bin/gcc-4.1 -qversion >&5
gcc-4.1: unrecognized option '-qversion'
gcc-4.1: no input files
configure:4348: $? = 1
configure:4368: checking whether the C compiler works
configure:4390: /usr/bin/gcc-4.1     conftest.c  >&5
configure:4394: $? = 0
configure:4443: result: yes
configure:4446: checking for C compiler default output file name
configure:4448: result: a.out
configure:4454: checking for suffix of executables
configure:4461: /usr/bin/gcc-4.1 -o conftest     conftest.c  >&5
configure:4465: $? = 0
configure:4487: result: 
configure:4509: checking whether we are cross compiling
configure:4517: /usr/bin/gcc-4.1 -o conftest     conftest.c  >&5
configure:4521: $? = 0
configure:4528: ./conftest
configure:4532: $? = 0
configure:4547: result: no
configure:4552: checking for suffix of object files
configure:4574: /usr/bin/gcc-4.1 -c    conftest.c >&5
configure:4578: $? = 0
configure:4599: result: o
configure:4603: checking whether we are using the GNU C compiler
configure:4622: /usr/bin/gcc-4.1 -c    conftest.c >&5
configure:4622: $? = 0
configure:4631: result: yes
configure:4640: checking whether /usr/bin/gcc-4.1 accepts -g
configure:4660: /usr/bin/gcc-4.1 -c -g  conftest.c >&5
configure:4660: $? = 0
configure:4701: result: yes
configure:4718: checking for /usr/bin/gcc-4.1 option to accept ISO C89
configure:4782: /usr/bin/gcc-4.1  -c    conftest.c >&5
configure:4782: $? = 0
configure:4795: result: none needed
configure:4817: checking dependency style of /usr/bin/gcc-4.1
configure:4927: result: gcc3
configure:4948: checking how to run the C preprocessor
configure:4979: /usr/bin/gcc-4.1 -E  conftest.c
configure:4979: $? = 0
configure:4993: /usr/bin/gcc-4.1 -E  conftest.c
conftest.c:11:28: error: ac_nonexistent.h: No such file or directory
configure:4993: $? = 1
configure: failed program was:
| /* confdefs.h */
| #define PACKAGE_NAME ""
| #define PACKAGE_TARNAME ""
| #define PACKAGE_VERSION ""
| #define PACKAGE_STRING ""
| #define PACKAGE_BUGREPORT ""
| #define PACKAGE_URL ""
| #define PACKAGE "rars"
| #define VERSION "0.90"
| /* end confdefs.h.  */
| #include <ac_nonexistent.h>
configure:5018: result: /usr/bin/gcc-4.1 -E
configure:5038: /usr/bin/gcc-4.1 -E  conftest.c
configure:5038: $? = 0
configure:5052: /usr/bin/gcc-4.1 -E  conftest.c
conftest.c:11:28: error: ac_nonexistent.h: No such file or directory
configure:5052: $? = 1
configure: failed program was:
| /* confdefs.h */
| #define PACKAGE_NAME ""
| #define PACKAGE_TARNAME ""
| #define PACKAGE_VERSION ""
| #define PACKAGE_STRING ""
| #define PACKAGE_BUGREPORT ""
| #define PACKAGE_URL ""
| #define PACKAGE "rars"
| #define VERSION "0.90"
| /* end confdefs.h.  */
| #include <ac_nonexistent.h>
configure:5221: checking for C++ compiler version
configure:5230: /usr/bin/g++-4.1 --version >&5
g++-4.1 (GCC) 4.1.3 20080704 (prerelease) (Ubuntu 4.1.2-27ubuntu1)
Copyright (C) 2006 Free Software Foundation, Inc.
This is free software; see the source for copying conditions.  There is NO
warranty; not even for MERCHANTABILITY or FITNESS FOR A PARTICULAR PURPOSE.

configure:5241: $? = 0
configure:5230: /usr/bin/g++-4.1 -v >&5
Using built-in specs.
Target: i486-linux-gnu
Configured with: ../src/configure -v --enable-languages=c,c++ --prefix=/usr --enable-shared --with-system-zlib --libexecdir=/usr/lib --without-included-gettext --enable-threads=posix --enable-nls --with-gxx-include-dir=/usr/include/c++/4.1.3 --program-suffix=-4.1 --enable-__cxa_atexit --enable-clocale=gnu --enable-libstdcxx-debug --with-tune=generic --enable-checking=release i486-linux-gnu
Thread model: posix
gcc version 4.1.3 20080704 (prerelease) (Ubuntu 4.1.2-27ubuntu1)
configure:5241: $? = 0
configure:5230: /usr/bin/g++-4.1 -V >&5
g++-4.1: '-V' option must have argument
configure:5241: $? = 1
configure:5230: /usr/bin/g++-4.1 -qversion >&5
g++-4.1: unrecognized option '-qversion'
g++-4.1: no input files
configure:5241: $? = 1
configure:5245: checking whether we are using the GNU C++ compiler
configure:5273: result: no
configure:5282: checking whether /usr/bin/g++-4.1 accepts -g
configure:5343: result: no
configure:5368: checking dependency style of /usr/bin/g++-4.1
configure:5478: result: gcc3
configure:6593: checking how to run the C++ preprocessor
configure:6620: /usr/bin/g++-4.1 -E  conftest.cpp
configure:6620: $? = 0
configure:6634: /usr/bin/g++-4.1 -E  conftest.cpp
conftest.cpp:11:28: error: ac_nonexistent.h: No such file or directory
configure:6634: $? = 1
configure: failed program was:
| /* confdefs.h */
| #define PACKAGE_NAME ""
| #define PACKAGE_TARNAME ""
| #define PACKAGE_VERSION ""
| #define PACKAGE_STRING ""
| #define PACKAGE_BUGREPORT ""
| #define PACKAGE_URL ""
| #define PACKAGE "rars"
| #define VERSION "0.90"
| /* end confdefs.h.  */
| #include <ac_nonexistent.h>
configure:6659: result: /usr/bin/g++-4.1 -E
configure:6679: /usr/bin/g++-4.1 -E  conftest.cpp
configure:6679: $? = 0
configure:6693: /usr/bin/g++-4.1 -E  conftest.cpp
conftest.cpp:11:28: error: ac_nonexistent.h: No such file or directory
configure:6693: $? = 1
configure: failed program was:
| /* confdefs.h */
| #define PACKAGE_NAME ""
| #define PACKAGE_TARNAME ""
| #define PACKAGE_VERSION ""
| #define PACKAGE_STRING ""
| #define PACKAGE_BUGREPORT ""
| #define PACKAGE_URL ""
| #define PACKAGE "rars"
| #define VERSION "0.90"
| /* end confdefs.h.  */
| #include <ac_nonexistent.h>
configure:6777: checking whether /usr/bin/g++-4.1 supports -frepo
configure:6807: rm -rf SunWS_cache; /usr/bin/g++-4.1 -o conftest  -frepo   conftest.cpp  1>&5
In file included from <built-in>:0:
<built-in>:0: warning: -frepo must be used with -c
configure:6807: $? = 0
configure:6823: result: yes
configure:7034: checking for ld used by GCC
configure:7098: result: /usr/bin/ld
configure:7105: checking if the linker (/usr/bin/ld) is GNU ld
GNU ld (GNU Binutils for Ubuntu) 2.20.1-system.20100303
configure:7117: result: yes
configure:7122: checking for /usr/bin/ld option to reload object files
configure:7129: result: -r
configure:7138: checking for BSD-compatible nm
configure:7173: result: /usr/bin/nm -B
configure:7177: checking for a sed that does not truncate output
configure:7253: result: 
configure:7256: checking whether ln -s works
configure:7260: result: yes
configure:7267: checking how to recognise dependant libraries
configure:7454: result: pass_all
configure:7577: checking for grep that handles long lines and -e
configure:7635: result: /bin/grep
configure:7640: checking for egrep
configure:7702: result: /bin/grep -E
configure:7707: checking for ANSI C header files
configure:7727: /usr/bin/gcc-4.1 -c -O2    conftest.c >&5
configure:7727: $? = 0
configure:7800: /usr/bin/gcc-4.1 -o conftest -O2     conftest.c  >&5
configure:7800: $? = 0
configure:7800: ./conftest
configure:7800: $? = 0
configure:7811: result: yes
configure:7824: checking for sys/types.h
configure:7824: /usr/bin/gcc-4.1 -c -O2    conftest.c >&5
configure:7824: $? = 0
configure:7824: result: yes
configure:7824: checking for sys/stat.h
configure:7824: /usr/bin/gcc-4.1 -c -O2    conftest.c >&5
configure:7824: $? = 0
configure:7824: result: yes
configure:7824: checking for stdlib.h
configure:7824: /usr/bin/gcc-4.1 -c -O2    conftest.c >&5
configure:7824: $? = 0
configure:7824: result: yes
configure:7824: checking for string.h
configure:7824: /usr/bin/gcc-4.1 -c -O2    conftest.c >&5
configure:7824: $? = 0
configure:7824: result: yes
configure:7824: checking for memory.h
configure:7824: /usr/bin/gcc-4.1 -c -O2    conftest.c >&5
configure:7824: $? = 0
configure:7824: result: yes
configure:7824: checking for strings.h
configure:7824: /usr/bin/gcc-4.1 -c -O2    conftest.c >&5
configure:7824: $? = 0
configure:7824: result: yes
configure:7824: checking for inttypes.h
configure:7824: /usr/bin/gcc-4.1 -c -O2    conftest.c >&5
configure:7824: $? = 0
configure:7824: result: yes
configure:7824: checking for stdint.h
configure:7824: /usr/bin/gcc-4.1 -c -O2    conftest.c >&5
configure:7824: $? = 0
configure:7824: result: yes
configure:7824: checking for unistd.h
configure:7824: /usr/bin/gcc-4.1 -c -O2    conftest.c >&5
configure:7824: $? = 0
configure:7824: result: yes
configure:7839: checking dlfcn.h usability
configure:7839: /usr/bin/gcc-4.1 -c -O2    conftest.c >&5
configure:7839: $? = 0
configure:7839: result: yes
configure:7839: checking dlfcn.h presence
configure:7839: /usr/bin/gcc-4.1 -E  conftest.c
configure:7839: $? = 0
configure:7839: result: yes
configure:7839: checking for dlfcn.h
configure:7839: result: yes
configure:7853: checking the maximum length of command line arguments
configure:7901: result: 32768
configure:7912: checking command to parse /usr/bin/nm -B output from /usr/bin/gcc-4.1 object
configure:7997: /usr/bin/gcc-4.1 -c -O2    conftest.c >&5
configure:8000: $? = 0
configure:8004: /usr/bin/nm -B conftest.o \| sed -n -e 's/^.*[ 	]\([ABCDGISTW][ABCDGISTW]*\)[ 	][ 	]*\(\)\([_A-Za-z][_A-Za-z0-9]*\)$/\1 \2\3 \3/p' \> conftest.nm
configure:8007: $? = 0
configure:8059: /usr/bin/gcc-4.1 -o conftest -O2     conftest.c conftstm.o >&5
configure:8062: $? = 0
configure:8100: result: ok
configure:8104: checking for objdir
configure:8119: result: .libs
configure:8211: checking for ranlib
configure:8227: found /usr/bin/ranlib
configure:8238: result: ranlib
configure:8303: checking for strip
configure:8319: found /usr/bin/strip
configure:8330: result: strip
configure:8603: checking if /usr/bin/gcc-4.1 static flag  works
configure:8626: result: yes
configure:8647: checking if /usr/bin/gcc-4.1 supports -fno-rtti -fno-exceptions
cc1: warning: command line option "-fno-rtti" is valid for C++/ObjC++ but not for C
cc1: warning: command line option "-fno-rtti" is valid for C++/ObjC++ but not for C
configure:8671: result: no
configure:8686: checking for /usr/bin/gcc-4.1 option to produce PIC
configure:8839: result: -fPIC
configure:8846: checking if /usr/bin/gcc-4.1 PIC flag -fPIC works
configure:8870: result: yes
configure:8894: checking if /usr/bin/gcc-4.1 supports -c -o file.o
configure:8935: result: yes
configure:8961: checking whether the /usr/bin/gcc-4.1 linker (/usr/bin/ld) supports shared libraries
configure:9706: result: yes
configure:9728: checking whether -lc should be explicitly linked in
configure:9733: /usr/bin/gcc-4.1 -c -O2    conftest.c >&5
configure:9736: $? = 0
configure:9750: /usr/bin/gcc-4.1 -shared conftest.o  -v -Wl,-soname -Wl,conftest -o conftest 2\>\&1 \| grep  -lc  \>/dev/null 2\>\&1
configure:9753: $? = 0
configure:9765: result: no
configure:9771: checking how to hardcode library paths into programs
configure:9795: result: immediate
configure:9809: checking whether stripping libraries is possible
configure:9814: result: yes
configure:9821: checking dynamic linker characteristics
configure:10263: result: GNU/Linux ld.so
configure:10702: checking if libtool supports shared libraries
configure:10704: result: yes
configure:10707: checking whether to build shared libraries
configure:10728: result: yes
configure:10731: checking whether to build static libraries
configure:10735: result: no
configure:10814: creating libtool
configure:11535: checking whether the /usr/bin/g++-4.1 linker (/usr/bin/ld) supports shared libraries
configure:12152: result: yes
configure:12169: /usr/bin/g++-4.1 -c   conftest.cc >&5
configure:12172: $? = 0
configure:12276: checking for /usr/bin/g++-4.1 option to produce PIC
configure:12512: result: 
configure:12567: checking if /usr/bin/g++-4.1 supports -c -o file.o
configure:12608: result: yes
configure:12634: checking whether the /usr/bin/g++-4.1 linker (/usr/bin/ld) supports shared libraries
configure:12656: result: yes
configure:12721: checking how to hardcode library paths into programs
configure:12745: result: immediate
configure:12759: checking whether stripping libraries is possible
configure:12764: result: yes
configure:12771: checking dynamic linker characteristics
configure:13213: result: GNU/Linux ld.so
configure:14071: checking if gcj supports -fno-rtti -fno-exceptions
configure:14095: result: no
configure:14110: checking for gcj option to produce PIC
configure:14263: result: -fPIC
configure:14270: checking if gcj PIC flag -fPIC works
configure:14294: result: no
configure:14318: checking if gcj supports -c -o file.o
configure:14359: result: no
configure:14385: checking whether the gcj linker (/usr/bin/ld) supports shared libraries
configure:15130: result: no
configure:15195: checking how to hardcode library paths into programs
configure:15219: result: immediate
configure:15233: checking whether stripping libraries is possible
configure:15238: result: yes
configure:15245: checking dynamic linker characteristics
configure:15687: result: GNU/Linux ld.so
configure:17073: checking for msgfmt
configure:17100: result: /usr/bin/msgfmt
configure:17109: checking for gmsgfmt
configure:17140: result: /usr/bin/msgfmt
configure:17160: checking for xgettext
configure:17187: result: /usr/bin/xgettext
configure:17277: checking for main in -lutil
configure:17296: /usr/bin/gcc-4.1 -o conftest -O2     conftest.c -lutil   >&5
configure:17296: $? = 0
configure:17305: result: yes
configure:17311: checking for main in -lcompat
configure:17330: /usr/bin/gcc-4.1 -o conftest -O2     conftest.c -lcompat   >&5
/usr/bin/ld: cannot find -lcompat
collect2: ld returned 1 exit status
configure:17330: $? = 1
configure: failed program was:
| /* confdefs.h */
| #define PACKAGE_NAME ""
| #define PACKAGE_TARNAME ""
| #define PACKAGE_VERSION ""
| #define PACKAGE_STRING ""
| #define PACKAGE_BUGREPORT ""
| #define PACKAGE_URL ""
| #define PACKAGE "rars"
| #define VERSION "0.90"
| #define HAVE_TEMPLATE_REPOSITORY 1
| #define STDC_HEADERS 1
| #define HAVE_SYS_TYPES_H 1
| #define HAVE_SYS_STAT_H 1
| #define HAVE_STDLIB_H 1
| #define HAVE_STRING_H 1
| #define HAVE_MEMORY_H 1
| #define HAVE_STRINGS_H 1
| #define HAVE_INTTYPES_H 1
| #define HAVE_STDINT_H 1
| #define HAVE_UNISTD_H 1
| #define HAVE_DLFCN_H 1
| /* end confdefs.h.  */
| 
| 
| int
| main ()
| {
| return main ();
|   ;
|   return 0;
| }
configure:17339: result: no
configure:17346: checking for crypt in -lcrypt
configure:17371: /usr/bin/gcc-4.1 -o conftest -O2     conftest.c -lcrypt   >&5
configure:17371: $? = 0
configure:17380: result: yes
configure:17446: checking for socklen_t
configure:17479: /usr/bin/g++-4.1 -c   conftest.cpp >&5
configure:17479: $? = 0
configure:17519: result: socklen_t
configure:17541: checking for dnet_ntoa in -ldnet
configure:17566: /usr/bin/gcc-4.1 -o conftest -O2     conftest.c -ldnet   >&5
/usr/bin/ld: cannot find -ldnet
collect2: ld returned 1 exit status
configure:17566: $? = 1
configure: failed program was:
| /* confdefs.h */
| #define PACKAGE_NAME ""
| #define PACKAGE_TARNAME ""
| #define PACKAGE_VERSION ""
| #define PACKAGE_STRING ""
| #define PACKAGE_BUGREPORT ""
| #define PACKAGE_URL ""
| #define PACKAGE "rars"
| #define VERSION "0.90"
| #define HAVE_TEMPLATE_REPOSITORY 1
| #define STDC_HEADERS 1
| #define HAVE_SYS_TYPES_H 1
| #define HAVE_SYS_STAT_H 1
| #define HAVE_STDLIB_H 1
| #define HAVE_STRING_H 1
| #define HAVE_MEMORY_H 1
| #define HAVE_STRINGS_H 1
| #define HAVE_INTTYPES_H 1
| #define HAVE_STDINT_H 1
| #define HAVE_UNISTD_H 1
| #define HAVE_DLFCN_H 1
| #define HAVE_CRYPT 1
| #define ksize_t socklen_t
| /* end confdefs.h.  */
| 
| /* Override any GCC internal prototype to avoid an error.
|    Use char because int might match the return type of a GCC
|    builtin and then its argument prototype would still apply.  */
| #ifdef __cplusplus
| extern "C"
| #endif
| char dnet_ntoa ();
| int
| main ()
| {
| return dnet_ntoa ();
|   ;
|   return 0;
| }
configure:17575: result: no
configure:17582: checking for dnet_ntoa in -ldnet_stub
configure:17607: /usr/bin/gcc-4.1 -o conftest -O2     conftest.c -ldnet_stub   >&5
/usr/bin/ld: cannot find -ldnet_stub
collect2: ld returned 1 exit status
configure:17607: $? = 1
configure: failed program was:
| /* confdefs.h */
| #define PACKAGE_NAME ""
| #define PACKAGE_TARNAME ""
| #define PACKAGE_VERSION ""
| #define PACKAGE_STRING ""
| #define PACKAGE_BUGREPORT ""
| #define PACKAGE_URL ""
| #define PACKAGE "rars"
| #define VERSION "0.90"
| #define HAVE_TEMPLATE_REPOSITORY 1
| #define STDC_HEADERS 1
| #define HAVE_SYS_TYPES_H 1
| #define HAVE_SYS_STAT_H 1
| #define HAVE_STDLIB_H 1
| #define HAVE_STRING_H 1
| #define HAVE_MEMORY_H 1
| #define HAVE_STRINGS_H 1
| #define HAVE_INTTYPES_H 1
| #define HAVE_STDINT_H 1
| #define HAVE_UNISTD_H 1
| #define HAVE_DLFCN_H 1
| #define HAVE_CRYPT 1
| #define ksize_t socklen_t
| /* end confdefs.h.  */
| 
| /* Override any GCC internal prototype to avoid an error.
|    Use char because int might match the return type of a GCC
|    builtin and then its argument prototype would still apply.  */
| #ifdef __cplusplus
| extern "C"
| #endif
| char dnet_ntoa ();
| int
| main ()
| {
| return dnet_ntoa ();
|   ;
|   return 0;
| }
configure:17616: result: no
configure:17623: checking for inet_ntoa
configure:17623: /usr/bin/gcc-4.1 -o conftest -O2     conftest.c  >&5
configure:17623: $? = 0
configure:17623: result: yes
configure:17670: checking for connect
configure:17670: /usr/bin/gcc-4.1 -o conftest -O2     conftest.c  >&5
configure:17670: $? = 0
configure:17670: result: yes
configure:17718: checking for remove
configure:17718: /usr/bin/gcc-4.1 -o conftest -O2     conftest.c  >&5
configure:17718: $? = 0
configure:17718: result: yes
configure:17767: checking for shmat
configure:17767: /usr/bin/gcc-4.1 -o conftest -O2     conftest.c  >&5
configure:17767: $? = 0
configure:17767: result: yes
configure:17817: checking for res_init
configure:17817: /usr/bin/gcc-4.1 -o conftest -O2     conftest.c  >&5
/tmp/ccq4GilO.o: In function `main':
conftest.c:(.text+0x12): undefined reference to `res_init'
collect2: ld returned 1 exit status
configure:17817: $? = 1
configure: failed program was:
| /* confdefs.h */
| #define PACKAGE_NAME ""
| #define PACKAGE_TARNAME ""
| #define PACKAGE_VERSION ""
| #define PACKAGE_STRING ""
| #define PACKAGE_BUGREPORT ""
| #define PACKAGE_URL ""
| #define PACKAGE "rars"
| #define VERSION "0.90"
| #define HAVE_TEMPLATE_REPOSITORY 1
| #define STDC_HEADERS 1
| #define HAVE_SYS_TYPES_H 1
| #define HAVE_SYS_STAT_H 1
| #define HAVE_STDLIB_H 1
| #define HAVE_STRING_H 1
| #define HAVE_MEMORY_H 1
| #define HAVE_STRINGS_H 1
| #define HAVE_INTTYPES_H 1
| #define HAVE_STDINT_H 1
| #define HAVE_UNISTD_H 1
| #define HAVE_DLFCN_H 1
| #define HAVE_CRYPT 1
| #define ksize_t socklen_t
| /* end confdefs.h.  */
| /* Define res_init to an innocuous variant, in case <limits.h> declares res_init.
|    For example, HP-UX 11i <limits.h> declares gettimeofday.  */
| #define res_init innocuous_res_init
| 
| /* System header to define __stub macros and hopefully few prototypes,
|     which can conflict with char res_init (); below.
|     Prefer <limits.h> to <assert.h> if __STDC__ is defined, since
|     <limits.h> exists even on freestanding compilers.  */
| 
| #ifdef __STDC__
| # include <limits.h>
| #else
| # include <assert.h>
| #endif
| 
| #undef res_init
| 
| /* Override any GCC internal prototype to avoid an error.
|    Use char because int might match the return type of a GCC
|    builtin and then its argument prototype would still apply.  */
| #ifdef __cplusplus
| extern "C"
| #endif
| char res_init ();
| /* The GNU C library defines this for functions which it implements
|     to always fail with ENOSYS.  Some functions are actually named
|     something starting with __ and the normal name is an alias.  */
| #if defined __stub_res_init || defined __stub___res_init
| choke me
| #endif
| 
| int
| main ()
| {
| return res_init ();
|   ;
|   return 0;
| }
configure:17817: result: no
configure:17842: /usr/bin/gcc-4.1 -o conftest -O2     conftest.c   -lresolv >&5
configure:17842: $? = 0
configure:17862: checking for killpg in -lucb
configure:17887: /usr/bin/gcc-4.1 -o conftest -O2     conftest.c -lucb   >&5
/usr/bin/ld: cannot find -lucb
collect2: ld returned 1 exit status
configure:17887: $? = 1
configure: failed program was:
| /* confdefs.h */
| #define PACKAGE_NAME ""
| #define PACKAGE_TARNAME ""
| #define PACKAGE_VERSION ""
| #define PACKAGE_STRING ""
| #define PACKAGE_BUGREPORT ""
| #define PACKAGE_URL ""
| #define PACKAGE "rars"
| #define VERSION "0.90"
| #define HAVE_TEMPLATE_REPOSITORY 1
| #define STDC_HEADERS 1
| #define HAVE_SYS_TYPES_H 1
| #define HAVE_SYS_STAT_H 1
| #define HAVE_STDLIB_H 1
| #define HAVE_STRING_H 1
| #define HAVE_MEMORY_H 1
| #define HAVE_STRINGS_H 1
| #define HAVE_INTTYPES_H 1
| #define HAVE_STDINT_H 1
| #define HAVE_UNISTD_H 1
| #define HAVE_DLFCN_H 1
| #define HAVE_CRYPT 1
| #define ksize_t socklen_t
| #define HAVE_RES_INIT 1
| /* end confdefs.h.  */
| 
| /* Override any GCC internal prototype to avoid an error.
|    Use char because int might match the return type of a GCC
|    builtin and then its argument prototype would still apply.  */
| #ifdef __cplusplus
| extern "C"
| #endif
| char killpg ();
| int
| main ()
| {
| return killpg ();
|   ;
|   return 0;
| }
configure:17896: result: no
configure:17955: checking size of int
configure:17960: /usr/bin/gcc-4.1 -o conftest -O2     conftest.c  >&5
configure:17960: $? = 0
configure:17960: ./conftest
configure:17960: $? = 0
configure:17975: result: 4
configure:17988: checking size of long
configure:17993: /usr/bin/gcc-4.1 -o conftest -O2     conftest.c  >&5
configure:17993: $? = 0
configure:17993: ./conftest
configure:17993: $? = 0
configure:18008: result: 4
configure:18021: checking size of char *
configure:18026: /usr/bin/gcc-4.1 -o conftest -O2     conftest.c  >&5
configure:18026: $? = 0
configure:18026: ./conftest
configure:18026: $? = 0
configure:18041: result: 4
configure:18054: checking size of char
configure:18059: /usr/bin/gcc-4.1 -o conftest -O2     conftest.c  >&5
configure:18059: $? = 0
configure:18059: ./conftest
configure:18059: $? = 0
configure:18074: result: 1
configure:18085: checking for dlopen in -ldl
configure:18110: /usr/bin/gcc-4.1 -o conftest -O2     conftest.c -ldl   >&5
configure:18110: $? = 0
configure:18119: result: yes
configure:18129: checking for shl_unload in -ldld
configure:18154: /usr/bin/gcc-4.1 -o conftest -O2     conftest.c -ldld   >&5
/usr/bin/ld: cannot find -ldld
collect2: ld returned 1 exit status
configure:18154: $? = 1
configure: failed program was:
| /* confdefs.h */
| #define PACKAGE_NAME ""
| #define PACKAGE_TARNAME ""
| #define PACKAGE_VERSION ""
| #define PACKAGE_STRING ""
| #define PACKAGE_BUGREPORT ""
| #define PACKAGE_URL ""
| #define PACKAGE "rars"
| #define VERSION "0.90"
| #define HAVE_TEMPLATE_REPOSITORY 1
| #define STDC_HEADERS 1
| #define HAVE_SYS_TYPES_H 1
| #define HAVE_SYS_STAT_H 1
| #define HAVE_STDLIB_H 1
| #define HAVE_STRING_H 1
| #define HAVE_MEMORY_H 1
| #define HAVE_STRINGS_H 1
| #define HAVE_INTTYPES_H 1
| #define HAVE_STDINT_H 1
| #define HAVE_UNISTD_H 1
| #define HAVE_DLFCN_H 1
| #define HAVE_CRYPT 1
| #define ksize_t socklen_t
| #define HAVE_RES_INIT 1
| #define SIZEOF_INT 4
| #define SIZEOF_LONG 4
| #define SIZEOF_CHAR_P 4
| #define SIZEOF_CHAR 1
| /* end confdefs.h.  */
| 
| /* Override any GCC internal prototype to avoid an error.
|    Use char because int might match the return type of a GCC
|    builtin and then its argument prototype would still apply.  */
| #ifdef __cplusplus
| extern "C"
| #endif
| char shl_unload ();
| int
| main ()
| {
| return shl_unload ();
|   ;
|   return 0;
| }
configure:18163: result: no
configure:18198: checking for X
configure:18235: /usr/bin/gcc-4.1 -E  conftest.c
configure:18235: $? = 0
configure:18307: /usr/bin/gcc-4.1 -o conftest -O2     conftest.c -lXt  >&5
configure:18307: $? = 0
configure:18450: result: libraries /usr/lib, headers .
configure:18484: checking for IceConnectionNumber in -lICE
configure:18509: /usr/bin/gcc-4.1 -o conftest -O2     -L/usr/lib conftest.c -lICE  -lresolv  >&5
configure:18509: $? = 0
configure:18518: result: yes
configure:18532: checking for libXext
configure:18562: /usr/bin/gcc-4.1 -o conftest -O2     -L/usr/lib  conftest.c -lXext -lX11  -lresolv >&5
configure:18562: $? = 0
configure:18577: result: yes
configure:18586: checking for Xinerama
configure:18642: result: no
configure:18697: checking for pthread_create in -lpthread
configure:18722: /usr/bin/gcc-4.1 -o conftest -O2     conftest.c -lpthread   >&5
configure:18722: $? = 0
configure:18731: result: yes
configure:18961: checking for extra includes
configure:18989: result: no
configure:18993: checking for extra libs
configure:19022: result: no
configure:19028: checking for libz
configure:19057: /usr/bin/gcc-4.1 -o conftest -O2   -I.   -D_REENTRANT  conftest.c -L/usr/lib  -lz  -lresolv >&5
configure:19057: $? = 0
configure:19076: result: -lz
configure:19087: checking for libpng
configure:19124: /usr/bin/gcc-4.1 -o conftest -O2   -I.   -D_REENTRANT  conftest.c  -L/usr/lib  -lpng -lz -lm -lX11  -lresolv >&5
configure:19124: $? = 0
configure:19144: result: -lpng -lz -lm
configure:19155: checking for libjpeg6b
configure:19196: /usr/bin/gcc-4.1 -o conftest -O2   -I.   -D_REENTRANT  conftest.c -L/usr/lib  -ljpeg6b -lm >&5
/usr/bin/ld: cannot find -ljpeg6b
collect2: ld returned 1 exit status
configure:19196: $? = 1
configure: failed program was:
| /* confdefs.h */
| #define PACKAGE_NAME ""
| #define PACKAGE_TARNAME ""
| #define PACKAGE_VERSION ""
| #define PACKAGE_STRING ""
| #define PACKAGE_BUGREPORT ""
| #define PACKAGE_URL ""
| #define PACKAGE "rars"
| #define VERSION "0.90"
| #define HAVE_TEMPLATE_REPOSITORY 1
| #define STDC_HEADERS 1
| #define HAVE_SYS_TYPES_H 1
| #define HAVE_SYS_STAT_H 1
| #define HAVE_STDLIB_H 1
| #define HAVE_STRING_H 1
| #define HAVE_MEMORY_H 1
| #define HAVE_STRINGS_H 1
| #define HAVE_INTTYPES_H 1
| #define HAVE_STDINT_H 1
| #define HAVE_UNISTD_H 1
| #define HAVE_DLFCN_H 1
| #define HAVE_CRYPT 1
| #define ksize_t socklen_t
| #define HAVE_RES_INIT 1
| #define SIZEOF_INT 4
| #define SIZEOF_LONG 4
| #define SIZEOF_CHAR_P 4
| #define SIZEOF_CHAR 1
| #define HAVE_LIBZ 1
| #define HAVE_LIBPNG 1
| /* end confdefs.h.  */
| /* Override any gcc2 internal prototype to avoid an error.  */
| struct jpeg_decompress_struct;
| typedef struct jpeg_decompress_struct * j_decompress_ptr;
| typedef int size_t;
| #ifdef __cplusplus
| extern "C" {
| #endif
|     void jpeg_CreateDecompress(j_decompress_ptr cinfo,
|                                     int version, size_t structsize);
| #ifdef __cplusplus
| }
| #endif
| /* We use char because int might match the return type of a gcc2
|     builtin and then its argument prototype would still apply.  */
| 
| int
| main ()
| {
| jpeg_CreateDecompress(0L, 0, 0);
|   ;
|   return 0;
| }
configure:19214: result: no
configure:19217: checking for libjpeg
configure:19258: /usr/bin/gcc-4.1 -o conftest -O2   -I.   -D_REENTRANT  conftest.c -L/usr/lib  -ljpeg -lm >&5
configure:19258: $? = 0
configure:19273: result: -ljpeg
configure: 19297: /usr/include/jpeglib.h
taking that
configure:19465: checking for Qt
configure: 19530: /usr/include/qt3/qstyle.h
taking that
tried NO
tried /usr/lib/qt3/lib
tried /usr/lib/qt3
tried /usr/lib/qt/lib
tried /usr/lib/qt
tried /usr/X11R6/lib
configure:19641: rm -rf SunWS_cache; /usr/bin/g++-4.1 -o conftest  -I/usr/include/qt3 -I.  -DQT_THREAD_SUPPORT  -D_REENTRANT  -L/usr/lib -L/usr/lib   conftest.cpp  -lqt-mt -lpng -lz -lm -ljpeg -ldl  -lXext -lX11 -lSM -lICE  -lresolv -lpthread 1>&5
configure:19644: $? = 0
configure:19700: result: libraries /usr/lib, headers /usr/include/qt3 using -mt
configure:19710: checking if Qt compiles without flags
configure:19806: rm -rf SunWS_cache; /usr/bin/g++-4.1 -o conftest  -I/usr/include/qt3  -DQT_THREAD_SUPPORT  -D_REENTRANT  -L/usr/lib conftest.cpp -lqt-mt -lpng -lz -lm -ljpeg -ldl  -lXext -lX11 -lSM -lICE  -lresolv -lXext -lX11  -lresolv 1>&5
configure:19809: $? = 0
configure:19838: result: yes
configure:19880: checking for moc
configure:19940: result: /usr/bin/moc
configure:19948: checking for uic
configure:19999: result: /usr/bin/uic
configure:20027: checking whether uic supports -L 
configure:20038: /usr/bin/uic -L /nonexistant conftest.ui >/dev/null
configure:20041: $? = 0
configure:20053: result: yes
configure:20065: checking whether uic supports -nounload 
configure:20076: /usr/bin/uic -nounload  conftest.ui >/dev/null
configure:20079: $? = 0
configure:20091: result: yes
configure:20126: checking if Qt needs -ljpeg
configure:20161: rm -rf SunWS_cache; /usr/bin/g++-4.1 -o conftest  -I/usr/include/qt3 -I.   -DQT_THREAD_SUPPORT  -D_REENTRANT  conftest.cpp -L/usr/lib -lqt-mt -lpng -lz -lm  -ldl -lXext -lX11 -lSM -lICE -lresolv 1>&5
configure:20161: $? = 0
configure:20185: result: no
configure:20209: checking for rpath
configure:20235: result: yes
configure:20238: checking for KDE
configure: 20283: /usr/local/kde/include/ksharedptr.h
configure: 20283: /usr/lib/kde/include/ksharedptr.h
configure: 20283: /usr/local/kde/include/ksharedptr.h
configure: 20283: /usr/local/include/ksharedptr.h
configure: 20283: /usr/kde/include/ksharedptr.h
configure: 20283: /usr/include/kde/ksharedptr.h
taking that
configure: 20309: /usr/local/kde/lib/libkio.la
configure: 20309: ${exec_prefix}/lib/libkio.la
configure: 20309: /usr/lib/kde/lib/libkio.la
configure: 20309: /usr/local/kde/lib/libkio.la
configure: 20309: /usr/kde/lib/libkio.la
configure: 20309: /usr/lib/kde/libkio.la
configure: 20309: /usr/lib/kde3/libkio.la
configure: 20309: /usr/lib/libkio.la
taking that
configure:20365: result: libraries /usr/lib, headers /usr/include/kde
configure:20420: checking for KDE paths
configure:20949: result: defaults
configure:20968: checking for dcopidl
configure:21023: result: /usr/bin/dcopidl
configure:21030: checking for dcopidl2cpp
configure:21085: result: /usr/bin/dcopidl2cpp
configure:21093: checking for kde-config
configure:21144: result: /usr/bin/kde-config
configure:21151: checking for meinproc
configure:21202: result: /usr/bin/meinproc
configure: 21341: /usr/share/kde/apps/ksgmltools2/customization/kde-chunk.xsl
configure: 21341: /usr/local/share/apps/ksgmltools2/customization/kde-chunk.xsl
configure: 21341: /usr/share/apps/ksgmltools2/customization/kde-chunk.xsl
taking that
configure:21380: checking if doc should be compiled
configure:21392: result: yes
configure:21380: checking if po should be compiled
configure:21392: result: yes
configure:21380: checking if rars should be compiled
configure:21392: result: yes
configure:21529: creating ./config.status

## ---------------------- ##
## Running config.status. ##
## ---------------------- ##

This file was extended by config.status, which was
generated by GNU Autoconf 2.65.  Invocation command line was

  CONFIG_FILES    = 
  CONFIG_HEADERS  = 
  CONFIG_LINKS    = 
  CONFIG_COMMANDS = 
  $ ./config.status 

on vmware

config.status:1006: creating ./Makefile
config.status:1006: creating doc/Makefile
config.status:1114: WARNING:  'doc/Makefile.in' seems to ignore the --datarootdir setting
config.status:1006: creating doc/en/Makefile
config.status:1114: WARNING:  'doc/en/Makefile.in' seems to ignore the --datarootdir setting
config.status:1006: creating po/Makefile
config.status:1114: WARNING:  'po/Makefile.in' seems to ignore the --datarootdir setting
config.status:1006: creating rars/Makefile
config.status:1114: WARNING:  'rars/Makefile.in' seems to ignore the --datarootdir setting
config.status:1006: creating rars/3ds/Makefile
config.status:1114: WARNING:  'rars/3ds/Makefile.in' seems to ignore the --datarootdir setting
config.status:1006: creating rars/3ds/futura/Makefile
config.status:1114: WARNING:  'rars/3ds/futura/Makefile.in' seems to ignore the --datarootdir setting
config.status:1006: creating rars/3ds/golf/Makefile
config.status:1114: WARNING:  'rars/3ds/golf/Makefile.in' seems to ignore the --datarootdir setting
config.status:1006: creating rars/3ds/porshe/Makefile
config.status:1114: WARNING:  'rars/3ds/porshe/Makefile.in' seems to ignore the --datarootdir setting
config.status:1006: creating rars/bitmap/Makefile
config.status:1114: WARNING:  'rars/bitmap/Makefile.in' seems to ignore the --datarootdir setting
config.status:1006: creating rars/graphics/Makefile
config.status:1114: WARNING:  'rars/graphics/Makefile.in' seems to ignore the --datarootdir setting
config.status:1006: creating rars/kde/Makefile
config.status:1114: WARNING:  'rars/kde/Makefile.in' seems to ignore the --datarootdir setting
config.status:1006: creating rars/robots/Makefile
config.status:1114: WARNING:  'rars/robots/Makefile.in' seems to ignore the --datarootdir setting
config.status:1006: creating rars/robots/bulle/Makefile
config.status:1114: WARNING:  'rars/robots/bulle/Makefile.in' seems to ignore the --datarootdir setting
config.status:1006: creating rars/tracks/Makefile
config.status:1114: WARNING:  'rars/tracks/Makefile.in' seems to ignore the --datarootdir setting
config.status:1006: creating rars/tracks/model/Makefile
config.status:1114: WARNING:  'rars/tracks/model/Makefile.in' seems to ignore the --datarootdir setting
config.status:1006: creating rars/tracks/texture/Makefile
config.status:1114: WARNING:  'rars/tracks/texture/Makefile.in' seems to ignore the --datarootdir setting
config.status:1006: creating rars/xml/Makefile
config.status:1114: WARNING:  'rars/xml/Makefile.in' seems to ignore the --datarootdir setting
config.status:1006: creating config.h
config.status:1178: config.h is unchanged
config.status:1226: executing depfiles commands

## ---------------- ##
## Cache variables. ##
## ---------------- ##

ac_cv_build=i686-pc-linux-gnu
ac_cv_c_compiler_gnu=yes
ac_cv_cxx_compiler_gnu=no
ac_cv_env_CCC_set=
ac_cv_env_CCC_value=
ac_cv_env_CC_set=set
ac_cv_env_CC_value=/usr/bin/gcc-4.1
ac_cv_env_CFLAGS_set=
ac_cv_env_CFLAGS_value=
ac_cv_env_CPPFLAGS_set=
ac_cv_env_CPPFLAGS_value=
ac_cv_env_CPP_set=
ac_cv_env_CPP_value=
ac_cv_env_CXXCPP_set=
ac_cv_env_CXXCPP_value=
ac_cv_env_CXXFLAGS_set=
ac_cv_env_CXXFLAGS_value=
ac_cv_env_CXX_set=set
ac_cv_env_CXX_value=/usr/bin/g++-4.1
ac_cv_env_LDFLAGS_set=
ac_cv_env_LDFLAGS_value=
ac_cv_env_LIBS_set=
ac_cv_env_LIBS_value=
ac_cv_env_XMKMF_set=
ac_cv_env_XMKMF_value=
ac_cv_env_build_alias_set=
ac_cv_env_build_alias_value=
ac_cv_env_host_alias_set=
ac_cv_env_host_alias_value=
ac_cv_env_target_alias_set=
ac_cv_env_target_alias_value=
ac_cv_func_connect=yes
ac_cv_func_inet_ntoa=yes
ac_cv_func_remove=yes
ac_cv_func_res_init=no
ac_cv_func_shmat=yes
ac_cv_have_dlfcn=yes
ac_cv_have_kde='have_kde=yes     ac_kde_includes=/usr/include/kde ac_kde_libraries=/usr/lib'
ac_cv_have_qt='have_qt=yes     ac_qt_includes=/usr/include/qt3 ac_qt_libraries=/usr/lib'
ac_cv_have_xinerama=no
ac_cv_header_dlfcn_h=yes
ac_cv_header_inttypes_h=yes
ac_cv_header_memory_h=yes
ac_cv_header_stdc=yes
ac_cv_header_stdint_h=yes
ac_cv_header_stdlib_h=yes
ac_cv_header_string_h=yes
ac_cv_header_strings_h=yes
ac_cv_header_sys_stat_h=yes
ac_cv_header_sys_types_h=yes
ac_cv_header_unistd_h=yes
ac_cv_host=i686-pc-linux-gnu
ac_cv_lib_ICE_IceConnectionNumber=yes
ac_cv_lib_compat_main=no
ac_cv_lib_crypt_crypt=yes
ac_cv_lib_dl_dlopen=yes
ac_cv_lib_dld_shl_unload=no
ac_cv_lib_dnet_dnet_ntoa=no
ac_cv_lib_dnet_stub_dnet_ntoa=no
ac_cv_lib_jpeg_6b=no
ac_cv_lib_jpeg_normal=-ljpeg
ac_cv_lib_png='-lpng -lz -lm'
ac_cv_lib_pthread_pthread_create=yes
ac_cv_lib_ucb_killpg=no
ac_cv_lib_util_main=yes
ac_cv_lib_z=-lz
ac_cv_objext=o
ac_cv_path_EGREP='/bin/grep -E'
ac_cv_path_GMSGFMT=/usr/bin/msgfmt
ac_cv_path_GREP=/bin/grep
ac_cv_path_MSGFMT=/usr/bin/msgfmt
ac_cv_path_XGETTEXT=/usr/bin/xgettext
ac_cv_path_install='/usr/bin/install -c'
ac_cv_path_mkdir=/bin/mkdir
ac_cv_prog_AWK=gawk
ac_cv_prog_CPP='/usr/bin/gcc-4.1 -E'
ac_cv_prog_CXXCPP='/usr/bin/g++-4.1 -E'
ac_cv_prog_ac_ct_CC=/usr/bin/gcc-4.1
ac_cv_prog_ac_ct_RANLIB=ranlib
ac_cv_prog_ac_ct_STRIP=strip
ac_cv_prog_cc_c89=
ac_cv_prog_cc_g=yes
ac_cv_prog_cxx_g=no
ac_cv_prog_make_make_set=yes
ac_cv_sizeof_char=1
ac_cv_sizeof_char_p=4
ac_cv_sizeof_int=4
ac_cv_sizeof_long=4
ac_cv_socklen_t=socklen_t
ac_cv_target=i686-pc-linux-gnu
am_cv_CC_dependencies_compiler_type=gcc3
am_cv_CXX_dependencies_compiler_type=gcc3
kde_cv_all_paths='kde_have_all_paths="yes" 	kde_htmldir="\${prefix}/share/doc/HTML" 	kde_appsdir="\${prefix}/share/applnk" 	kde_icondir="\${prefix}/share/icons" 	kde_sounddir="\${prefix}/share/sounds" 	kde_datadir="\${prefix}/share/apps" 	kde_locale="\${prefix}/share/locale" 	kde_cgidir="\${exec_prefix}/cgi-bin" 	kde_confdir="\${prefix}/share/config" 	kde_mimedir="\${prefix}/share/mimelnk" 	kde_toolbardir="\${prefix}/share/toolbar" 	kde_wallpaperdir="\${prefix}/share/wallpapers" 	kde_templatesdir="\${prefix}/share/templates" 	kde_bindir="\${exec_prefix}/bin" 	kde_servicesdir="\${prefix}/share/services" 	kde_servicetypesdir="\${prefix}/share/servicetypes" 	kde_moduledir="\${libdir}/kde3"    kde_styledir="\${libdir}/kde3/plugins/styles" 	kde_widgetdir="\${libdir}/kde3/plugins/designer" 	kde_result=defaults'
kde_cv_have_libXext=yes
kde_cv_have_x='have_x=yes          kde_x_includes=. kde_x_libraries=/usr/lib'
kde_cv_path=/usr/bin/meinproc
kde_cv_path_dcopidl2cpp=/usr/bin/dcopidl2cpp
kde_cv_path_dcopidl=/usr/bin/dcopidl
kde_cv_path_kde_config=/usr/bin/kde-config
kde_cv_path_meinproc=/usr/bin/meinproc
kde_cv_path_moc=/usr/bin/moc
kde_cv_path_uic=/usr/bin/uic
kde_cv_prog_cxx_frepo=yes
kde_cv_prog_uic_L=yes
kde_cv_prog_uic_nounload=yes
kde_cv_qt_direct=yes
kde_cv_qt_jpeg=no
lt_cv_deplibs_check_method=pass_all
lt_cv_file_magic_cmd='$MAGIC_CMD'
lt_cv_file_magic_test_file='/lib/libc.so.6 /lib/libc-2.11.1.so'
lt_cv_ld_reload_flag=-r
lt_cv_objdir=.libs
lt_cv_path_LD=/usr/bin/ld
lt_cv_path_NM='/usr/bin/nm -B'
lt_cv_path_SED=/bin/sed
lt_cv_prog_compiler_c_o=yes
lt_cv_prog_compiler_c_o_CXX=yes
lt_cv_prog_compiler_c_o_GCJ=no
lt_cv_prog_compiler_rtti_exceptions=no
lt_cv_prog_gnu_ld=yes
lt_cv_sys_global_symbol_pipe='sed -n -e '\''s/^.*[ 	]\([ABCDGISTW][ABCDGISTW]*\)[ 	][ 	]*\(\)\([_A-Za-z][_A-Za-z0-9]*\)$/\1 \2\3 \3/p'\'''
lt_cv_sys_global_symbol_to_c_name_address='sed -n -e '\''s/^: \([^ ]*\) $/  {\"\1\", (lt_ptr) 0},/p'\'' -e '\''s/^[BCDEGRST] \([^ ]*\) \([^ ]*\)$/  {"\2", (lt_ptr) \&\2},/p'\'''
lt_cv_sys_global_symbol_to_cdecl='sed -n -e '\''s/^. .* \(.*\)$/extern int \1;/p'\'''
lt_cv_sys_max_cmd_len=32768
lt_lt_cv_prog_compiler_c_o='"yes"'
lt_lt_cv_prog_compiler_c_o_CXX='"yes"'
lt_lt_cv_prog_compiler_c_o_GCJ='"no"'
lt_lt_cv_sys_global_symbol_pipe='"sed -n -e '\''s/^.*[ 	]\\([ABCDGISTW][ABCDGISTW]*\\)[ 	][ 	]*\\(\\)\\([_A-Za-z][_A-Za-z0-9]*\\)\$/\\1 \\2\\3 \\3/p'\''"'
lt_lt_cv_sys_global_symbol_to_c_name_address='"sed -n -e '\''s/^: \\([^ ]*\\) \$/  {\\\"\\1\\\", (lt_ptr) 0},/p'\'' -e '\''s/^[BCDEGRST] \\([^ ]*\\) \\([^ ]*\\)\$/  {\"\\2\", (lt_ptr) \\&\\2},/p'\''"'
lt_lt_cv_sys_global_symbol_to_cdecl='"sed -n -e '\''s/^. .* \\(.*\\)\$/extern int \\1;/p'\''"'

## ----------------- ##
## Output variables. ##
## ----------------- ##

ACLOCAL='${SHELL} /home/user/torcs/rars/admin/missing --run aclocal-1.11'
AMDEPBACKSLASH='\'
AMDEP_FALSE='#'
AMDEP_TRUE=''
AMTAR='${SHELL} /home/user/torcs/rars/admin/missing --run tar'
ARTSCCONFIG=''
AUTOCONF='${SHELL} /home/user/torcs/rars/admin/missing --run autoconf'
AUTODIRS=''
AUTOHEADER='${SHELL} /home/user/torcs/rars/admin/missing --run autoheader'
AUTOMAKE='${SHELL} /home/user/torcs/rars/admin/missing --run automake-1.11'
AWK='gawk'
CC='/usr/bin/gcc-4.1'
CCDEPMODE='depmode=gcc3'
CFLAGS='-O2  '
CONF_FILES=' $(top_srcdir)/./admin/configure.in.min $(top_srcdir)/configure.in.in'
CPP='/usr/bin/gcc-4.1 -E'
CPPFLAGS=' -DQT_THREAD_SUPPORT  -D_REENTRANT'
CXX='/usr/bin/g++-4.1'
CXXCPP='/usr/bin/g++-4.1 -E'
CXXDEPMODE='depmode=gcc3'
CXXFLAGS='-O0 -g3 -Wall -I..'
CYGPATH_W='echo'
DCOPIDL2CPP='/usr/bin/dcopidl2cpp'
DCOPIDL='/usr/bin/dcopidl'
DCOP_DEPENDENCIES='$(DCOPIDL)'
DEFS='-DHAVE_CONFIG_H'
DEPDIR='.deps'
ECHO='echo'
ECHO_C=''
ECHO_N='-n'
ECHO_T=''
EGREP='/bin/grep -E'
EXEEXT=''
GMSGFMT='/usr/bin/msgfmt'
GREP='/bin/grep'
INSTALL_DATA='${INSTALL} -m 644'
INSTALL_PROGRAM='${INSTALL} $(INSTALL_STRIP_FLAG)'
INSTALL_SCRIPT='${INSTALL}'
INSTALL_STRIP_PROGRAM='$(install_sh) -c -s'
KDECONFIG='/usr/bin/kde-config'
KDE_CXXFLAGS=''
KDE_EXTRA_RPATH=''
KDE_INCLUDES='-I/usr/include/kde'
KDE_LDFLAGS='-L/usr/lib'
KDE_MT_LDFLAGS=''
KDE_MT_LIBS='-lpthread'
KDE_PLUGIN='-avoid-version -module -no-undefined $(KDE_RPATH) $(KDE_MT_LDFLAGS)'
KDE_RPATH='-R $(kde_libraries) -R $(x_libraries)'
KDE_USE_CLOSURE_FALSE='#'
KDE_USE_CLOSURE_TRUE=''
KDE_USE_FINAL_FALSE=''
KDE_USE_FINAL_TRUE='#'
KDE_XSL_STYLESHEET='/usr/share/apps/ksgmltools2/customization/kde-chunk.xsl'
LDFLAGS=''
LIBCOMPAT=''
LIBCRYPT='-lcrypt'
LIBDL='-ldl'
LIBJPEG='-ljpeg'
LIBOBJS=''
LIBPNG='-lpng -lz -lm'
LIBPTHREAD='-lpthread'
LIBRESOLV='-lresolv'
LIBS=''
LIBSM='-lSM -lICE'
LIBSOCKET=' -lresolv'
LIBTOOL='$(SHELL) $(top_builddir)/libtool'
LIBUCB=''
LIBUTIL='-lutil'
LIBXINERAMA=''
LIBZ='-lz'
LIB_KAB='-lkab'
LIB_KDECORE='-lkdecore'
LIB_KDEPRINT='-lkdeprint'
LIB_KDEUI='-lkdeui'
LIB_KFILE='-lkio'
LIB_KFM=''
LIB_KHTML='-lkhtml'
LIB_KIO='-lkio'
LIB_KPARTS='-lkparts'
LIB_KSPELL='-lkspell'
LIB_KSYCOCA='-lkio'
LIB_QPE=''
LIB_QT='-lqt-mt  $(LIBPNG) -lXext $(LIB_X11) $(LIBSM) -lpthread'
LIB_SMB='-lsmb'
LIB_X11='-lX11 $(LIBSOCKET)'
LIB_XEXT='-lXext'
LN_S='ln -s'
LTLIBOBJS=''
MAKEINFO='${SHELL} /home/user/torcs/rars/admin/missing --run makeinfo'
MCOPIDL=''
MEINPROC='/usr/bin/meinproc'
MKDIR_P='/bin/mkdir -p'
MOC='/usr/bin/moc'
MSGFMT='/usr/bin/msgfmt'
NOOPT_CFLAGS=''
NOOPT_CXXFLAGS=''
NOREPO='-fno-repo'
OBJEXT='o'
PACKAGE='rars'
PACKAGE_BUGREPORT=''
PACKAGE_NAME=''
PACKAGE_STRING=''
PACKAGE_TARNAME=''
PACKAGE_URL=''
PACKAGE_VERSION=''
PATH_SEPARATOR=':'
QTE_NORTTI=''
QT_INCLUDES='-I/usr/include/qt3'
QT_LDFLAGS=''
RANLIB='ranlib'
REPO='-frepo'
SET_MAKE=''
SHELL='/bin/bash'
STRIP='strip'
TOPSUBDIRS=' doc po rars'
UIC='/usr/bin/uic -L $(kde_widgetdir) -nounload'
UIC_TR='tr2i18n'
USER_INCLUDES=''
USER_LDFLAGS=''
USE_EXCEPTIONS=''
USE_RTTI=''
USE_THREADS=''
VERSION='0.90'
WOVERLOADED_VIRTUAL=''
XGETTEXT='/usr/bin/xgettext'
XMKMF=''
X_EXTRA_LIBS=' -lresolv'
X_INCLUDES='-I.'
X_LDFLAGS='-L/usr/lib'
X_PRE_LIBS=''
ac_ct_CC='/usr/bin/gcc-4.1'
ac_ct_CXX=''
all_includes='-I/usr/include/kde -I/usr/include/qt3 -I. '
all_libraries='-L/usr/lib '
am__EXEEXT_FALSE=''
am__EXEEXT_TRUE='#'
am__fastdepCC_FALSE='#'
am__fastdepCC_TRUE=''
am__fastdepCXX_FALSE='#'
am__fastdepCXX_TRUE=''
am__include='include'
am__isrc=''
am__leading_dot='.'
am__quote=''
am__tar='${AMTAR} chof - "$$tardir"'
am__untar='${AMTAR} xf -'
bindir='${exec_prefix}/bin'
build='i686-pc-linux-gnu'
build_alias=''
build_cpu='i686'
build_os='linux-gnu'
build_vendor='pc'
datadir='${datarootdir}'
datarootdir='${prefix}/share'
docdir='${datarootdir}/doc/${PACKAGE}'
dvidir='${docdir}'
exec_prefix='${prefix}'
host='i686-pc-linux-gnu'
host_alias=''
host_cpu='i686'
host_os='linux-gnu'
host_vendor='pc'
htmldir='${docdir}'
includedir='${prefix}/include'
infodir='${datarootdir}/info'
install_sh='${SHELL} /home/user/torcs/rars/admin/install-sh'
kde_appsdir='${prefix}/share/applnk'
kde_bindir='${exec_prefix}/bin'
kde_confdir='${prefix}/share/config'
kde_datadir='${prefix}/share/apps'
kde_htmldir='${prefix}/share/doc/HTML'
kde_icondir='${prefix}/share/icons'
kde_includes='/usr/include/kde'
kde_libraries='/usr/lib'
kde_libs_htmldir='/usr/share/doc/kde/HTML'
kde_libs_prefix='/usr'
kde_locale='${prefix}/share/locale'
kde_mimedir='${prefix}/share/mimelnk'
kde_moduledir='${libdir}/kde3'
kde_qtver='3'
kde_servicesdir='${prefix}/share/services'
kde_servicetypesdir='${prefix}/share/servicetypes'
kde_sounddir='${prefix}/share/sounds'
kde_styledir='${libdir}/kde3/plugins/styles'
kde_templatesdir='${prefix}/share/templates'
kde_wallpaperdir='${prefix}/share/wallpapers'
kde_widgetdir='${libdir}/kde3/plugins/designer'
libdir='${exec_prefix}/lib'
libexecdir='${exec_prefix}/libexec'
localedir='${datarootdir}/locale'
localstatedir='${prefix}/var'
mandir='${datarootdir}/man'
mkdir_p='/bin/mkdir -p'
oldincludedir='/usr/include'
pdfdir='${docdir}'
prefix='/usr/local/kde'
program_transform_name='s,x,x,'
psdir='${docdir}'
qt_includes='/usr/include/qt3'
qt_libraries=''
sbindir='${exec_prefix}/sbin'
sharedstatedir='${prefix}/com'
sysconfdir='${prefix}/etc'
target='i686-pc-linux-gnu'
target_alias=''
target_cpu='i686'
target_os='linux-gnu'
target_vendor='pc'
x_includes='.'
x_libraries='/usr/lib'

## ----------- ##
## confdefs.h. ##
## ----------- ##

/* confdefs.h */
#define PACKAGE_NAME ""
#define PACKAGE_TARNAME ""
#define PACKAGE_VERSION ""
#define PACKAGE_STRING ""
#define PACKAGE_BUGREPORT ""
#define PACKAGE_URL ""
#define PACKAGE "rars"
#define VERSION "0.90"
#define HAVE_TEMPLATE_REPOSITORY 1
#define STDC_HEADERS 1
#define HAVE_SYS_TYPES_H 1
#define HAVE_SYS_STAT_H 1
#define HAVE_STDLIB_H 1
#define HAVE_STRING_H 1
#define HAVE_MEMORY_H 1
#define HAVE_STRINGS_H 1
#define HAVE_INTTYPES_H 1
#define HAVE_STDINT_H 1
#define HAVE_UNISTD_H 1
#define HAVE_DLFCN_H 1
#define HAVE_CRYPT 1
#define ksize_t socklen_t
#define HAVE_RES_INIT 1
#define SIZEOF_INT 4
#define SIZEOF_LONG 4
#define SIZEOF_CHAR_P 4
#define SIZEOF_CHAR 1
#define HAVE_LIBZ 1
#define HAVE_LIBPNG 1
#define HAVE_LIBJPEG 1
#define HAVE_LIBPTHREAD 1

configure: exit 0
